---------- Date: 2014-10-06 06:21:04 ~ IP : 95.87.204.141 ----------
REQUEST URI : /zoneshop/1/admin/index.php?route=module/kbm&amp;token=68bc77f706d5cf59447a1f4ec8db6ef6
MOD DETAILS:
   modFile   : /home/kladmin/public_html/demo.kulerthemes/zoneshop/1/vqmod/xml/kulerthemes_cp.xml
   id        : KulerThemes
   version   : 
   vqmver    : 
   author    : kulerthemes.com

File Name    : admin/view/template/module/*.tpl(1)
VQModObject::applyMod - SEARCH NOT FOUND (ABORTING MOD): html += '      <option value="content_top"><?php echo $text_content_top; ?></option>';

----------------------------------------------------------------------


---------- Date: 2014-10-06 06:21:13 ~ IP : 95.87.204.141 ----------
REQUEST URI : /zoneshop/1/admin/index.php?route=module/kbm/category&amp;token=68bc77f706d5cf59447a1f4ec8db6ef6
MOD DETAILS:
   modFile   : /home/kladmin/public_html/demo.kulerthemes/zoneshop/1/vqmod/xml/kulerthemes_cp.xml
   id        : KulerThemes
   version   : 
   vqmver    : 
   author    : kulerthemes.com

File Name    : admin/view/template/module/*.tpl(1)
VQModObject::applyMod - SEARCH NOT FOUND (ABORTING MOD): html += '      <option value="content_top"><?php echo $text_content_top; ?></option>';

----------------------------------------------------------------------


---------- Date: 2014-10-06 06:21:19 ~ IP : 95.87.204.141 ----------
REQUEST URI : /zoneshop/1/admin/index.php?route=module/kbm/comment&amp;token=68bc77f706d5cf59447a1f4ec8db6ef6
MOD DETAILS:
   modFile   : /home/kladmin/public_html/demo.kulerthemes/zoneshop/1/vqmod/xml/kulerthemes_cp.xml
   id        : KulerThemes
   version   : 
   vqmver    : 
   author    : kulerthemes.com

File Name    : admin/view/template/module/*.tpl(1)
VQModObject::applyMod - SEARCH NOT FOUND (ABORTING MOD): html += '      <option value="content_top"><?php echo $text_content_top; ?></option>';

----------------------------------------------------------------------


---------- Date: 2014-10-06 06:21:21 ~ IP : 95.87.204.141 ----------
REQUEST URI : /zoneshop/1/admin/index.php?route=module/kbm/author&amp;token=68bc77f706d5cf59447a1f4ec8db6ef6
MOD DETAILS:
   modFile   : /home/kladmin/public_html/demo.kulerthemes/zoneshop/1/vqmod/xml/kulerthemes_cp.xml
   id        : KulerThemes
   version   : 
   vqmver    : 
   author    : kulerthemes.com

File Name    : admin/view/template/module/*.tpl(1)
VQModObject::applyMod - SEARCH NOT FOUND (ABORTING MOD): html += '      <option value="content_top"><?php echo $text_content_top; ?></option>';

----------------------------------------------------------------------


---------- Date: 2014-10-06 06:21:26 ~ IP : 95.87.204.141 ----------
REQUEST URI : /zoneshop/1/admin/index.php?route=module/kbm/setting&amp;token=68bc77f706d5cf59447a1f4ec8db6ef6
MOD DETAILS:
   modFile   : /home/kladmin/public_html/demo.kulerthemes/zoneshop/1/vqmod/xml/kulerthemes_cp.xml
   id        : KulerThemes
   version   : 
   vqmver    : 
   author    : kulerthemes.com

File Name    : admin/view/template/module/*.tpl(1)
VQModObject::applyMod - SEARCH NOT FOUND (ABORTING MOD): html += '      <option value="content_top"><?php echo $text_content_top; ?></option>';

----------------------------------------------------------------------


---------- Date: 2014-10-06 06:28:34 ~ IP : 95.87.204.141 ----------
REQUEST URI : /zoneshop/1/admin/index.php?route=module/kbm&amp;token=68bc77f706d5cf59447a1f4ec8db6ef6
MOD DETAILS:
   modFile   : /home/kladmin/public_html/demo.kulerthemes/zoneshop/1/vqmod/xml/kulerthemes_cp.xml
   id        : KulerThemes
   version   : 
   vqmver    : 
   author    : kulerthemes.com

File Name    : admin/view/template/module/*.tpl(1)
VQModObject::applyMod - SEARCH NOT FOUND (ABORTING MOD): html += '      <option value="content_top"><?php echo $text_content_top; ?></option>';

----------------------------------------------------------------------


---------- Date: 2014-10-06 06:28:43 ~ IP : 95.87.204.141 ----------
REQUEST URI : /zoneshop/1/admin/index.php?route=module/kbm/setting&amp;token=68bc77f706d5cf59447a1f4ec8db6ef6
MOD DETAILS:
   modFile   : /home/kladmin/public_html/demo.kulerthemes/zoneshop/1/vqmod/xml/kulerthemes_cp.xml
   id        : KulerThemes
   version   : 
   vqmver    : 
   author    : kulerthemes.com

File Name    : admin/view/template/module/*.tpl(1)
VQModObject::applyMod - SEARCH NOT FOUND (ABORTING MOD): html += '      <option value="content_top"><?php echo $text_content_top; ?></option>';

----------------------------------------------------------------------


---------- Date: 2014-10-06 06:29:42 ~ IP : 95.87.204.141 ----------
REQUEST URI : /zoneshop/1/admin/index.php?route=module/kbm&amp;token=68bc77f706d5cf59447a1f4ec8db6ef6
MOD DETAILS:
   modFile   : /home/kladmin/public_html/demo.kulerthemes/zoneshop/1/vqmod/xml/kulerthemes_cp.xml
   id        : KulerThemes
   version   : 
   vqmver    : 
   author    : kulerthemes.com

File Name    : admin/view/template/module/*.tpl(1)
VQModObject::applyMod - SEARCH NOT FOUND (ABORTING MOD): html += '      <option value="content_top"><?php echo $text_content_top; ?></option>';

----------------------------------------------------------------------


---------- Date: 2014-10-06 06:29:58 ~ IP : 95.87.204.141 ----------
REQUEST URI : /zoneshop/1/admin/index.php?route=module/kbm/author&amp;token=68bc77f706d5cf59447a1f4ec8db6ef6
MOD DETAILS:
   modFile   : /home/kladmin/public_html/demo.kulerthemes/zoneshop/1/vqmod/xml/kulerthemes_cp.xml
   id        : KulerThemes
   version   : 
   vqmver    : 
   author    : kulerthemes.com

File Name    : admin/view/template/module/*.tpl(1)
VQModObject::applyMod - SEARCH NOT FOUND (ABORTING MOD): html += '      <option value="content_top"><?php echo $text_content_top; ?></option>';

----------------------------------------------------------------------


---------- Date: 2014-10-06 09:11:05 ~ IP : 58.187.86.227 ----------
REQUEST URI : /zoneshop/1/admin/index.php?route=module/kuler_demo_builder&amp;token=575d5c61503223a48c7de045151ca9bd
MOD DETAILS:
   modFile   : /home/kladmin/public_html/demo.kulerthemes/zoneshop/1/vqmod/xml/kulerthemes_cp.xml
   id        : KulerThemes
   version   : 
   vqmver    : 
   author    : kulerthemes.com

File Name    : admin/view/template/module/*.tpl(1)
VQModObject::applyMod - SEARCH NOT FOUND (ABORTING MOD): html += '      <option value="content_top"><?php echo $text_content_top; ?></option>';

----------------------------------------------------------------------


