---------- Date: 2014-10-02 02:33:24 ~ IP : 58.187.86.227 ----------
REQUEST URI : /zoneshop/1/admin/index.php?route=module/kuler_demo_builder&amp;token=b7ce77f6c8795fb06c144e5f56277a42
MOD DETAILS:
   modFile   : /home/kladmin/public_html/demo.kulerthemes/zoneshop/1/vqmod/xml/kulerthemes_cp.xml
   id        : KulerThemes
   version   : 
   vqmver    : 
   author    : kulerthemes.com

File Name    : admin/view/template/module/*.tpl(1)
VQModObject::applyMod - SEARCH NOT FOUND (ABORTING MOD): html += '      <option value="content_top"><?php echo $text_content_top; ?></option>';

----------------------------------------------------------------------


---------- Date: 2014-10-02 05:45:11 ~ IP : 95.87.204.141 ----------
REQUEST URI : /zoneshop/1/admin/index.php?route=module/kbm&amp;token=be00385dcd655d8469c61d23c6e84537
MOD DETAILS:
   modFile   : /home/kladmin/public_html/demo.kulerthemes/zoneshop/1/vqmod/xml/kulerthemes_cp.xml
   id        : KulerThemes
   version   : 
   vqmver    : 
   author    : kulerthemes.com

File Name    : admin/view/template/module/*.tpl(1)
VQModObject::applyMod - SEARCH NOT FOUND (ABORTING MOD): html += '      <option value="content_top"><?php echo $text_content_top; ?></option>';

----------------------------------------------------------------------


---------- Date: 2014-10-02 05:45:15 ~ IP : 95.87.204.141 ----------
REQUEST URI : /zoneshop/1/admin/index.php?route=module/kbm/article&amp;token=be00385dcd655d8469c61d23c6e84537
MOD DETAILS:
   modFile   : /home/kladmin/public_html/demo.kulerthemes/zoneshop/1/vqmod/xml/kulerthemes_cp.xml
   id        : KulerThemes
   version   : 
   vqmver    : 
   author    : kulerthemes.com

File Name    : admin/view/template/module/*.tpl(1)
VQModObject::applyMod - SEARCH NOT FOUND (ABORTING MOD): html += '      <option value="content_top"><?php echo $text_content_top; ?></option>';

----------------------------------------------------------------------


---------- Date: 2014-10-02 05:45:23 ~ IP : 95.87.204.141 ----------
REQUEST URI : /zoneshop/1/admin/index.php?route=module/kbm/article_edit&amp;article_id=15&amp;token=be00385dcd655d8469c61d23c6e84537
MOD DETAILS:
   modFile   : /home/kladmin/public_html/demo.kulerthemes/zoneshop/1/vqmod/xml/kulerthemes_cp.xml
   id        : KulerThemes
   version   : 
   vqmver    : 
   author    : kulerthemes.com

File Name    : admin/view/template/module/*.tpl(1)
VQModObject::applyMod - SEARCH NOT FOUND (ABORTING MOD): html += '      <option value="content_top"><?php echo $text_content_top; ?></option>';

----------------------------------------------------------------------


