---------- Date: 2014-11-07 12:15:45 ~ IP : 223.180.78.16 ----------
REQUEST URI : /schooldhool/admin/index.php?route=module/textplode&amp;token=643cd2a0959edacad62da48d601ef57e
MOD DETAILS:
   modFile   : C:\xampp\htdocs\schooldhool\vqmod/xml/kulerthemes_cp.xml
   id        : KulerThemes
   version   : 
   vqmver    : 
   author    : kulerthemes.com

File Name    : admin/view/template/module/*.tpl(1)
VQModObject::applyMod - SEARCH NOT FOUND (ABORTING MOD): html += '      <option value="content_top"><?php echo $text_content_top; ?></option>';

----------------------------------------------------------------------


---------- Date: 2014-11-07 12:17:37 ~ IP : 223.180.78.16 ----------
REQUEST URI : /schooldhool/admin/index.php?route=module/textplode&amp;token=643cd2a0959edacad62da48d601ef57e
MOD DETAILS:
   modFile   : C:\xampp\htdocs\schooldhool\vqmod/xml/kulerthemes_cp.xml
   id        : KulerThemes
   version   : 
   vqmver    : 
   author    : kulerthemes.com

File Name    : admin/view/template/module/*.tpl(1)
VQModObject::applyMod - SEARCH NOT FOUND (ABORTING MOD): html += '      <option value="content_top"><?php echo $text_content_top; ?></option>';

----------------------------------------------------------------------


---------- Date: 2014-11-07 12:20:10 ~ IP : 223.180.78.16 ----------
REQUEST URI : /schooldhool/admin/index.php?route=module/textplode&amp;token=643cd2a0959edacad62da48d601ef57e
MOD DETAILS:
   modFile   : C:\xampp\htdocs\schooldhool\vqmod/xml/kulerthemes_cp.xml
   id        : KulerThemes
   version   : 
   vqmver    : 
   author    : kulerthemes.com

File Name    : admin/view/template/module/*.tpl(1)
VQModObject::applyMod - SEARCH NOT FOUND (ABORTING MOD): html += '      <option value="content_top"><?php echo $text_content_top; ?></option>';

----------------------------------------------------------------------


---------- Date: 2014-11-07 12:20:14 ~ IP : 223.180.78.16 ----------
REQUEST URI : /schooldhool/admin/index.php?route=module/textplode&amp;token=643cd2a0959edacad62da48d601ef57e
MOD DETAILS:
   modFile   : C:\xampp\htdocs\schooldhool\vqmod/xml/kulerthemes_cp.xml
   id        : KulerThemes
   version   : 
   vqmver    : 
   author    : kulerthemes.com

File Name    : admin/view/template/module/*.tpl(1)
VQModObject::applyMod - SEARCH NOT FOUND (ABORTING MOD): html += '      <option value="content_top"><?php echo $text_content_top; ?></option>';

----------------------------------------------------------------------


---------- Date: 2014-11-07 12:21:07 ~ IP : 223.180.78.16 ----------
REQUEST URI : /schooldhool/admin/index.php?route=module/textplode&amp;token=643cd2a0959edacad62da48d601ef57e
MOD DETAILS:
   modFile   : C:\xampp\htdocs\schooldhool\vqmod/xml/kulerthemes_cp.xml
   id        : KulerThemes
   version   : 
   vqmver    : 
   author    : kulerthemes.com

File Name    : admin/view/template/module/*.tpl(1)
VQModObject::applyMod - SEARCH NOT FOUND (ABORTING MOD): html += '      <option value="content_top"><?php echo $text_content_top; ?></option>';

----------------------------------------------------------------------


---------- Date: 2014-11-07 12:21:11 ~ IP : 223.180.78.16 ----------
REQUEST URI : /schooldhool/admin/index.php?route=module/textplode&amp;token=643cd2a0959edacad62da48d601ef57e
MOD DETAILS:
   modFile   : C:\xampp\htdocs\schooldhool\vqmod/xml/kulerthemes_cp.xml
   id        : KulerThemes
   version   : 
   vqmver    : 
   author    : kulerthemes.com

File Name    : admin/view/template/module/*.tpl(1)
VQModObject::applyMod - SEARCH NOT FOUND (ABORTING MOD): html += '      <option value="content_top"><?php echo $text_content_top; ?></option>';

----------------------------------------------------------------------


---------- Date: 2014-11-07 12:24:00 ~ IP : 223.180.78.16 ----------
REQUEST URI : /schooldhool/admin/index.php?route=module/textplode&amp;token=643cd2a0959edacad62da48d601ef57e
MOD DETAILS:
   modFile   : C:\xampp\htdocs\schooldhool\vqmod/xml/kulerthemes_cp.xml
   id        : KulerThemes
   version   : 
   vqmver    : 
   author    : kulerthemes.com

File Name    : admin/view/template/module/*.tpl(1)
VQModObject::applyMod - SEARCH NOT FOUND (ABORTING MOD): html += '      <option value="content_top"><?php echo $text_content_top; ?></option>';

----------------------------------------------------------------------


---------- Date: 2014-11-07 12:24:20 ~ IP : 223.180.78.16 ----------
REQUEST URI : /schooldhool/admin/index.php?route=module/textplode&amp;token=643cd2a0959edacad62da48d601ef57e
MOD DETAILS:
   modFile   : C:\xampp\htdocs\schooldhool\vqmod/xml/kulerthemes_cp.xml
   id        : KulerThemes
   version   : 
   vqmver    : 
   author    : kulerthemes.com

File Name    : admin/view/template/module/*.tpl(1)
VQModObject::applyMod - SEARCH NOT FOUND (ABORTING MOD): html += '      <option value="content_top"><?php echo $text_content_top; ?></option>';

----------------------------------------------------------------------


---------- Date: 2014-11-07 12:24:25 ~ IP : 223.180.78.16 ----------
REQUEST URI : /schooldhool/admin/index.php?route=module/textplode&amp;token=643cd2a0959edacad62da48d601ef57e
MOD DETAILS:
   modFile   : C:\xampp\htdocs\schooldhool\vqmod/xml/kulerthemes_cp.xml
   id        : KulerThemes
   version   : 
   vqmver    : 
   author    : kulerthemes.com

File Name    : admin/view/template/module/*.tpl(1)
VQModObject::applyMod - SEARCH NOT FOUND (ABORTING MOD): html += '      <option value="content_top"><?php echo $text_content_top; ?></option>';

----------------------------------------------------------------------


---------- Date: 2014-11-07 12:33:38 ~ IP : 223.180.78.16 ----------
REQUEST URI : /schooldhool/admin/index.php?route=module/textplode&amp;token=fef350ca54961a91926663d846a341e7
MOD DETAILS:
   modFile   : C:\xampp\htdocs\schooldhool\vqmod/xml/kulerthemes_cp.xml
   id        : KulerThemes
   version   : 
   vqmver    : 
   author    : kulerthemes.com

File Name    : admin/view/template/module/*.tpl(1)
VQModObject::applyMod - SEARCH NOT FOUND (ABORTING MOD): html += '      <option value="content_top"><?php echo $text_content_top; ?></option>';

----------------------------------------------------------------------


---------- Date: 2014-11-07 12:45:18 ~ IP : 223.180.78.16 ----------
REQUEST URI : /schooldhool/admin/index.php?route=module/textplode&amp;token=fef350ca54961a91926663d846a341e7
MOD DETAILS:
   modFile   : C:\xampp\htdocs\schooldhool\vqmod/xml/kulerthemes_cp.xml
   id        : KulerThemes
   version   : 
   vqmver    : 
   author    : kulerthemes.com

File Name    : admin/view/template/module/*.tpl(1)
VQModObject::applyMod - SEARCH NOT FOUND (ABORTING MOD): html += '      <option value="content_top"><?php echo $text_content_top; ?></option>';

----------------------------------------------------------------------


---------- Date: 2014-11-07 12:49:27 ~ IP : 223.180.78.16 ----------
REQUEST URI : /schooldhool/admin/index.php?route=module/textplode&amp;token=fef350ca54961a91926663d846a341e7
MOD DETAILS:
   modFile   : C:\xampp\htdocs\schooldhool\vqmod/xml/kulerthemes_cp.xml
   id        : KulerThemes
   version   : 
   vqmver    : 
   author    : kulerthemes.com

File Name    : admin/view/template/module/*.tpl(1)
VQModObject::applyMod - SEARCH NOT FOUND (ABORTING MOD): html += '      <option value="content_top"><?php echo $text_content_top; ?></option>';

----------------------------------------------------------------------


